# JRE version: Java(TM) SE Runtime Environment (8.0_201-b09) (build 1.8.0_201-b09)
# Java VM: Java HotSpot(TM) 64-Bit Server VM (25.201-b09 mixed mode windows-amd64 compressed oops)
Heap:
 PSYoungGen      total 364032K, used 61854K [0x00000000d5c00000, 0x00000000f0300000, 0x0000000100000000)
  eden space 333824K, 10% used [0x00000000d5c00000,0x00000000d7f011c8,0x00000000ea200000)
  from space 30208K, 86% used [0x00000000ec280000,0x00000000edbe66f0,0x00000000ee000000)
  to   space 33280K, 0% used [0x00000000ea200000,0x00000000ea200000,0x00000000ec280000)
 ParOldGen       total 129536K, used 43366K [0x0000000081400000, 0x0000000089280000, 0x00000000d5c00000)
  object space 129536K, 33% used [0x0000000081400000,0x0000000083e59920,0x0000000089280000)
 Metaspace       used 55163K, capacity 57180K, committed 57384K, reserved 1099776K
  class space    used 6957K, capacity 7374K, committed 7464K, reserved 1048576K
GC Heap History (10 events):
Event: 3.933 GC heap before
{Heap before GC invocations=6 (full 1):
 PSYoungGen      total 138240K, used 5112K [0x00000000d5c00000, 0x00000000e8000000, 0x0000000100000000)
  eden space 133120K, 0% used [0x00000000d5c00000,0x00000000d5c00000,0x00000000dde00000)
  from space 5120K, 99% used [0x00000000dde00000,0x00000000de2fe030,0x00000000de300000)
  to   space 16384K, 0% used [0x00000000e7000000,0x00000000e7000000,0x00000000e8000000)
 ParOldGen       total 87552K, used 23640K [0x0000000081400000, 0x0000000086980000, 0x00000000d5c00000)
  object space 87552K, 27% used [0x0000000081400000,0x0000000082b16208,0x0000000086980000)
 Metaspace       used 20602K, capacity 21090K, committed 21296K, reserved 1069056K
  class space    used 2464K, capacity 2617K, committed 2688K, reserved 1048576K
Event: 4.046 GC heap after
Heap after GC invocations=6 (full 1):
 PSYoungGen      total 138240K, used 0K [0x00000000d5c00000, 0x00000000e8000000, 0x0000000100000000)
  eden space 133120K, 0% used [0x00000000d5c00000,0x00000000d5c00000,0x00000000dde00000)
  from space 5120K, 0% used [0x00000000dde00000,0x00000000dde00000,0x00000000de300000)
  to   space 16384K, 0% used [0x00000000e7000000,0x00000000e7000000,0x00000000e8000000)
 ParOldGen       total 83968K, used 23021K [0x0000000081400000, 0x0000000086600000, 0x00000000d5c00000)
  object space 83968K, 27% used [0x0000000081400000,0x0000000082a7b7b8,0x0000000086600000)
 Metaspace       used 20602K, capacity 21090K, committed 21296K, reserved 1069056K
  class space    used 2464K, capacity 2617K, committed 2688K, reserved 1048576K
}
Event: 5.562 GC heap before
{Heap before GC invocations=7 (full 1):
 PSYoungGen      total 138240K, used 133120K [0x00000000d5c00000, 0x00000000e8000000, 0x0000000100000000)
  eden space 133120K, 100% used [0x00000000d5c00000,0x00000000dde00000,0x00000000dde00000)
  from space 5120K, 0% used [0x00000000dde00000,0x00000000dde00000,0x00000000de300000)
  to   space 16384K, 0% used [0x00000000e7000000,0x00000000e7000000,0x00000000e8000000)
 ParOldGen       total 83968K, used 23021K [0x0000000081400000, 0x0000000086600000, 0x00000000d5c00000)
  object space 83968K, 27% used [0x0000000081400000,0x0000000082a7b7b8,0x0000000086600000)
 Metaspace       used 24871K, capacity 25444K, committed 25728K, reserved 1071104K
  class space    used 2938K, capacity 3086K, committed 3200K, reserved 1048576K
Event: 5.606 GC heap after
Heap after GC invocations=7 (full 1):
 PSYoungGen      total 217088K, used 16376K [0x00000000d5c00000, 0x00000000e8000000, 0x0000000100000000)
  eden space 200704K, 0% used [0x00000000d5c00000,0x00000000d5c00000,0x00000000e2000000)
  from space 16384K, 99% used [0x00000000e7000000,0x00000000e7ffe038,0x00000000e8000000)
  to   space 22528K, 0% used [0x00000000e5400000,0x00000000e5400000,0x00000000e6a00000)
 ParOldGen       total 83968K, used 29344K [0x0000000081400000, 0x0000000086600000, 0x00000000d5c00000)
  object space 83968K, 34% used [0x0000000081400000,0x00000000830a80e8,0x0000000086600000)
 Metaspace       used 24871K, capacity 25444K, committed 25728K, reserved 1071104K
  class space    used 2938K, capacity 3086K, committed 3200K, reserved 1048576K
}
Event: 7.929 GC heap before
{Heap before GC invocations=8 (full 1):
 PSYoungGen      total 217088K, used 171992K [0x00000000d5c00000, 0x00000000e8000000, 0x0000000100000000)
  eden space 200704K, 77% used [0x00000000d5c00000,0x00000000df3f82d0,0x00000000e2000000)
  from space 16384K, 99% used [0x00000000e7000000,0x00000000e7ffe038,0x00000000e8000000)
  to   space 22528K, 0% used [0x00000000e5400000,0x00000000e5400000,0x00000000e6a00000)
 ParOldGen       total 83968K, used 29344K [0x0000000081400000, 0x0000000086600000, 0x00000000d5c00000)
  object space 83968K, 34% used [0x0000000081400000,0x00000000830a80e8,0x0000000086600000)
 Metaspace       used 34368K, capacity 35400K, committed 35496K, reserved 1081344K
  class space    used 4232K, capacity 4504K, committed 4520K, reserved 1048576K
Event: 8.341 GC heap after
Heap after GC invocations=8 (full 1):
 PSYoungGen      total 276480K, used 22509K [0x00000000d5c00000, 0x00000000ee000000, 0x0000000100000000)
  eden space 253952K, 0% used [0x00000000d5c00000,0x00000000d5c00000,0x00000000e5400000)
  from space 22528K, 99% used [0x00000000e5400000,0x00000000e69fb7c8,0x00000000e6a00000)
  to   space 30208K, 0% used [0x00000000ec280000,0x00000000ec280000,0x00000000ee000000)
 ParOldGen       total 83968K, used 36181K [0x0000000081400000, 0x0000000086600000, 0x00000000d5c00000)
  object space 83968K, 43% used [0x0000000081400000,0x00000000837556d8,0x0000000086600000)
 Metaspace       used 34368K, capacity 35400K, committed 35496K, reserved 1081344K
  class space    used 4232K, capacity 4504K, committed 4520K, reserved 1048576K
}
Event: 8.341 GC heap before
{Heap before GC invocations=9 (full 2):
 PSYoungGen      total 276480K, used 22509K [0x00000000d5c00000, 0x00000000ee000000, 0x0000000100000000)
  eden space 253952K, 0% used [0x00000000d5c00000,0x00000000d5c00000,0x00000000e5400000)
  from space 22528K, 99% used [0x00000000e5400000,0x00000000e69fb7c8,0x00000000e6a00000)
  to   space 30208K, 0% used [0x00000000ec280000,0x00000000ec280000,0x00000000ee000000)
 ParOldGen       total 83968K, used 36181K [0x0000000081400000, 0x0000000086600000, 0x00000000d5c00000)
  object space 83968K, 43% used [0x0000000081400000,0x00000000837556d8,0x0000000086600000)
 Metaspace       used 34368K, capacity 35400K, committed 35496K, reserved 1081344K
  class space    used 4232K, capacity 4504K, committed 4520K, reserved 1048576K
Event: 8.756 GC heap after
Heap after GC invocations=9 (full 2):
 PSYoungGen      total 276480K, used 0K [0x00000000d5c00000, 0x00000000ee000000, 0x0000000100000000)
  eden space 253952K, 0% used [0x00000000d5c00000,0x00000000d5c00000,0x00000000e5400000)
  from space 22528K, 0% used [0x00000000e5400000,0x00000000e5400000,0x00000000e6a00000)
  to   space 30208K, 0% used [0x00000000ec280000,0x00000000ec280000,0x00000000ee000000)
 ParOldGen       total 129536K, used 43358K [0x0000000081400000, 0x0000000089280000, 0x00000000d5c00000)
  object space 129536K, 33% used [0x0000000081400000,0x0000000083e57920,0x0000000089280000)
 Metaspace       used 32401K, capacity 33276K, committed 35496K, reserved 1081344K
  class space    used 3958K, capacity 4220K, committed 4520K, reserved 1048576K
}
Event: 13.109 GC heap before
{Heap before GC invocations=10 (full 2):
 PSYoungGen      total 276480K, used 253952K [0x00000000d5c00000, 0x00000000ee000000, 0x0000000100000000)
  eden space 253952K, 100% used [0x00000000d5c00000,0x00000000e5400000,0x00000000e5400000)
  from space 22528K, 0% used [0x00000000e5400000,0x00000000e5400000,0x00000000e6a00000)
  to   space 30208K, 0% used [0x00000000ec280000,0x00000000ec280000,0x00000000ee000000)
 ParOldGen       total 129536K, used 43358K [0x0000000081400000, 0x0000000089280000, 0x00000000d5c00000)
  object space 129536K, 33% used [0x0000000081400000,0x0000000083e57920,0x0000000089280000)
 Metaspace       used 52002K, capacity 53932K, committed 54184K, reserved 1095680K
  class space    used 6530K, capacity 6930K, committed 7080K, reserved 1048576K
Event: 13.143 GC heap after
Heap after GC invocations=10 (full 2):
 PSYoungGen      total 364032K, used 26009K [0x00000000d5c00000, 0x00000000f0300000, 0x0000000100000000)
  eden space 333824K, 0% used [0x00000000d5c00000,0x00000000d5c00000,0x00000000ea200000)
  from space 30208K, 86% used [0x00000000ec280000,0x00000000edbe66f0,0x00000000ee000000)
  to   space 33280K, 0% used [0x00000000ea200000,0x00000000ea200000,0x00000000ec280000)
 ParOldGen       total 129536K, used 43366K [0x0000000081400000, 0x0000000089280000, 0x00000000d5c00000)
  object space 129536K, 33% used [0x0000000081400000,0x0000000083e59920,0x0000000089280000)
 Metaspace       used 52002K, capacity 53932K, committed 54184K, reserved 1095680K
  class space    used 6530K, capacity 6930K, committed 7080K, reserved 1048576K
}

