# JRE version: Java(TM) SE Runtime Environment (8.0_201-b09) (build 1.8.0_201-b09)
# Java VM: Java HotSpot(TM) 64-Bit Server VM (25.201-b09 mixed mode windows-amd64 compressed oops)
Heap:
 PSYoungGen      total 293376K, used 64625K [0x00000000d5c00000, 0x00000000ec280000, 0x0000000100000000)
  eden space 272896K, 23% used [0x00000000d5c00000,0x00000000d9b1c588,0x00000000e6680000)
  from space 20480K, 0% used [0x00000000e7b80000,0x00000000e7b80000,0x00000000e8f80000)
  to   space 21504K, 0% used [0x00000000e6680000,0x00000000e6680000,0x00000000e7b80000)
 ParOldGen       total 150016K, used 41881K [0x0000000081400000, 0x000000008a680000, 0x00000000d5c00000)
  object space 150016K, 27% used [0x0000000081400000,0x0000000083ce6500,0x000000008a680000)
 Metaspace       used 64503K, capacity 66914K, committed 67200K, reserved 1107968K
  class space    used 7807K, capacity 8254K, committed 8320K, reserved 1048576K
GC Heap History (10 events):
Event: 5.446 GC heap before
{Heap before GC invocations=9 (full 1):
 PSYoungGen      total 146944K, used 112975K [0x00000000d5c00000, 0x00000000e7e00000, 0x0000000100000000)
  eden space 132608K, 85% used [0x00000000d5c00000,0x00000000dca53e50,0x00000000ddd80000)
  from space 14336K, 0% used [0x00000000ddd80000,0x00000000ddd80000,0x00000000deb80000)
  to   space 15872K, 0% used [0x00000000e6e80000,0x00000000e6e80000,0x00000000e7e00000)
 ParOldGen       total 84992K, used 25383K [0x0000000081400000, 0x0000000086700000, 0x00000000d5c00000)
  object space 84992K, 29% used [0x0000000081400000,0x0000000082cc9cb8,0x0000000086700000)
 Metaspace       used 34365K, capacity 35288K, committed 35456K, reserved 1079296K
  class space    used 4329K, capacity 4616K, committed 4736K, reserved 1048576K
Event: 5.660 GC heap after
Heap after GC invocations=9 (full 1):
 PSYoungGen      total 227840K, used 13884K [0x00000000d5c00000, 0x00000000e7c80000, 0x0000000100000000)
  eden space 213504K, 0% used [0x00000000d5c00000,0x00000000d5c00000,0x00000000e2c80000)
  from space 14336K, 96% used [0x00000000e6e80000,0x00000000e7c0f040,0x00000000e7c80000)
  to   space 17408K, 0% used [0x00000000e5a80000,0x00000000e5a80000,0x00000000e6b80000)
 ParOldGen       total 84992K, used 25391K [0x0000000081400000, 0x0000000086700000, 0x00000000d5c00000)
  object space 84992K, 29% used [0x0000000081400000,0x0000000082ccbcb8,0x0000000086700000)
 Metaspace       used 34365K, capacity 35288K, committed 35456K, reserved 1079296K
  class space    used 4329K, capacity 4616K, committed 4736K, reserved 1048576K
}
Event: 5.660 GC heap before
{Heap before GC invocations=10 (full 2):
 PSYoungGen      total 227840K, used 13884K [0x00000000d5c00000, 0x00000000e7c80000, 0x0000000100000000)
  eden space 213504K, 0% used [0x00000000d5c00000,0x00000000d5c00000,0x00000000e2c80000)
  from space 14336K, 96% used [0x00000000e6e80000,0x00000000e7c0f040,0x00000000e7c80000)
  to   space 17408K, 0% used [0x00000000e5a80000,0x00000000e5a80000,0x00000000e6b80000)
 ParOldGen       total 84992K, used 25391K [0x0000000081400000, 0x0000000086700000, 0x00000000d5c00000)
  object space 84992K, 29% used [0x0000000081400000,0x0000000082ccbcb8,0x0000000086700000)
 Metaspace       used 34365K, capacity 35288K, committed 35456K, reserved 1079296K
  class space    used 4329K, capacity 4616K, committed 4736K, reserved 1048576K
Event: 5.761 GC heap after
Heap after GC invocations=10 (full 2):
 PSYoungGen      total 227840K, used 0K [0x00000000d5c00000, 0x00000000e7c80000, 0x0000000100000000)
  eden space 213504K, 0% used [0x00000000d5c00000,0x00000000d5c00000,0x00000000e2c80000)
  from space 14336K, 0% used [0x00000000e6e80000,0x00000000e6e80000,0x00000000e7c80000)
  to   space 17408K, 0% used [0x00000000e5a80000,0x00000000e5a80000,0x00000000e6b80000)
 ParOldGen       total 119296K, used 36051K [0x0000000081400000, 0x0000000088880000, 0x00000000d5c00000)
  object space 119296K, 30% used [0x0000000081400000,0x0000000083734fb8,0x0000000088880000)
 Metaspace       used 34363K, capacity 35282K, committed 35456K, reserved 1079296K
  class space    used 4329K, capacity 4615K, committed 4736K, reserved 1048576K
}
Event: 9.825 GC heap before
{Heap before GC invocations=11 (full 2):
 PSYoungGen      total 227840K, used 213504K [0x00000000d5c00000, 0x00000000e7c80000, 0x0000000100000000)
  eden space 213504K, 100% used [0x00000000d5c00000,0x00000000e2c80000,0x00000000e2c80000)
  from space 14336K, 0% used [0x00000000e6e80000,0x00000000e6e80000,0x00000000e7c80000)
  to   space 17408K, 0% used [0x00000000e5a80000,0x00000000e5a80000,0x00000000e6b80000)
 ParOldGen       total 119296K, used 36051K [0x0000000081400000, 0x0000000088880000, 0x00000000d5c00000)
  object space 119296K, 30% used [0x0000000081400000,0x0000000083734fb8,0x0000000088880000)
 Metaspace       used 49346K, capacity 51304K, committed 51584K, reserved 1093632K
  class space    used 6245K, capacity 6660K, committed 6784K, reserved 1048576K
Event: 9.853 GC heap after
Heap after GC invocations=11 (full 2):
 PSYoungGen      total 278016K, used 17386K [0x00000000d5c00000, 0x00000000e8f80000, 0x0000000100000000)
  eden space 260608K, 0% used [0x00000000d5c00000,0x00000000d5c00000,0x00000000e5a80000)
  from space 17408K, 99% used [0x00000000e5a80000,0x00000000e6b7ab78,0x00000000e6b80000)
  to   space 20480K, 0% used [0x00000000e7b80000,0x00000000e7b80000,0x00000000e8f80000)
 ParOldGen       total 119296K, used 38396K [0x0000000081400000, 0x0000000088880000, 0x00000000d5c00000)
  object space 119296K, 32% used [0x0000000081400000,0x000000008397f220,0x0000000088880000)
 Metaspace       used 49346K, capacity 51304K, committed 51584K, reserved 1093632K
  class space    used 6245K, capacity 6660K, committed 6784K, reserved 1048576K
}
Event: 17.663 GC heap before
{Heap before GC invocations=12 (full 2):
 PSYoungGen      total 278016K, used 123712K [0x00000000d5c00000, 0x00000000e8f80000, 0x0000000100000000)
  eden space 260608K, 40% used [0x00000000d5c00000,0x00000000dc3d5608,0x00000000e5a80000)
  from space 17408K, 99% used [0x00000000e5a80000,0x00000000e6b7ab78,0x00000000e6b80000)
  to   space 20480K, 0% used [0x00000000e7b80000,0x00000000e7b80000,0x00000000e8f80000)
 ParOldGen       total 119296K, used 38396K [0x0000000081400000, 0x0000000088880000, 0x00000000d5c00000)
  object space 119296K, 32% used [0x0000000081400000,0x000000008397f220,0x0000000088880000)
 Metaspace       used 56707K, capacity 58964K, committed 59096K, reserved 1101824K
  class space    used 7039K, capacity 7480K, committed 7552K, reserved 1048576K
Event: 17.681 GC heap after
Heap after GC invocations=12 (full 2):
 PSYoungGen      total 293376K, used 16966K [0x00000000d5c00000, 0x00000000ec280000, 0x0000000100000000)
  eden space 272896K, 0% used [0x00000000d5c00000,0x00000000d5c00000,0x00000000e6680000)
  from space 20480K, 82% used [0x00000000e7b80000,0x00000000e8c11bd0,0x00000000e8f80000)
  to   space 21504K, 0% used [0x00000000e6680000,0x00000000e6680000,0x00000000e7b80000)
 ParOldGen       total 119296K, used 38412K [0x0000000081400000, 0x0000000088880000, 0x00000000d5c00000)
  object space 119296K, 32% used [0x0000000081400000,0x0000000083983220,0x0000000088880000)
 Metaspace       used 56707K, capacity 58964K, committed 59096K, reserved 1101824K
  class space    used 7039K, capacity 7480K, committed 7552K, reserved 1048576K
}
Event: 17.681 GC heap before
{Heap before GC invocations=13 (full 3):
 PSYoungGen      total 293376K, used 16966K [0x00000000d5c00000, 0x00000000ec280000, 0x0000000100000000)
  eden space 272896K, 0% used [0x00000000d5c00000,0x00000000d5c00000,0x00000000e6680000)
  from space 20480K, 82% used [0x00000000e7b80000,0x00000000e8c11bd0,0x00000000e8f80000)
  to   space 21504K, 0% used [0x00000000e6680000,0x00000000e6680000,0x00000000e7b80000)
 ParOldGen       total 119296K, used 38412K [0x0000000081400000, 0x0000000088880000, 0x00000000d5c00000)
  object space 119296K, 32% used [0x0000000081400000,0x0000000083983220,0x0000000088880000)
 Metaspace       used 56707K, capacity 58964K, committed 59096K, reserved 1101824K
  class space    used 7039K, capacity 7480K, committed 7552K, reserved 1048576K
Event: 17.977 GC heap after
Heap after GC invocations=13 (full 3):
 PSYoungGen      total 293376K, used 0K [0x00000000d5c00000, 0x00000000ec280000, 0x0000000100000000)
  eden space 272896K, 0% used [0x00000000d5c00000,0x00000000d5c00000,0x00000000e6680000)
  from space 20480K, 0% used [0x00000000e7b80000,0x00000000e7b80000,0x00000000e8f80000)
  to   space 21504K, 0% used [0x00000000e6680000,0x00000000e6680000,0x00000000e7b80000)
 ParOldGen       total 150016K, used 41881K [0x0000000081400000, 0x000000008a680000, 0x00000000d5c00000)
  object space 150016K, 27% used [0x0000000081400000,0x0000000083ce6500,0x000000008a680000)
 Metaspace       used 56707K, capacity 58964K, committed 59096K, reserved 1101824K
  class space    used 7039K, capacity 7480K, committed 7552K, reserved 1048576K
}

