# JRE version: Java(TM) SE Runtime Environment (8.0_201-b09) (build 1.8.0_201-b09)
# Java VM: Java HotSpot(TM) 64-Bit Server VM (25.201-b09 mixed mode windows-amd64 compressed oops)
Heap:
 PSYoungGen      total 194560K, used 144749K [0x00000000d5c00000, 0x00000000e7c80000, 0x0000000100000000)
  eden space 180224K, 80% used [0x00000000d5c00000,0x00000000de95b4f0,0x00000000e0c00000)
  from space 14336K, 0% used [0x00000000e6e80000,0x00000000e6e80000,0x00000000e7c80000)
  to   space 17920K, 0% used [0x00000000e5980000,0x00000000e5980000,0x00000000e6b00000)
 ParOldGen       total 134144K, used 36228K [0x0000000081400000, 0x0000000089700000, 0x00000000d5c00000)
  object space 134144K, 27% used [0x0000000081400000,0x0000000083761048,0x0000000089700000)
 Metaspace       used 45071K, capacity 46870K, committed 47152K, reserved 1089536K
  class space    used 5700K, capacity 6095K, committed 6192K, reserved 1048576K
GC Heap History (10 events):
Event: 3.143 GC heap before
{Heap before GC invocations=6 (full 0):
 PSYoungGen      total 71680K, used 71672K [0x00000000d5c00000, 0x00000000df800000, 0x0000000100000000)
  eden space 66560K, 100% used [0x00000000d5c00000,0x00000000d9d00000,0x00000000d9d00000)
  from space 5120K, 99% used [0x00000000d9d00000,0x00000000da1fe010,0x00000000da200000)
  to   space 13312K, 0% used [0x00000000deb00000,0x00000000deb00000,0x00000000df800000)
 ParOldGen       total 87552K, used 16555K [0x0000000081400000, 0x0000000086980000, 0x00000000d5c00000)
  object space 87552K, 18% used [0x0000000081400000,0x000000008242ada0,0x0000000086980000)
 Metaspace       used 17542K, capacity 17922K, committed 18048K, reserved 1064960K
  class space    used 2049K, capacity 2153K, committed 2176K, reserved 1048576K
Event: 3.164 GC heap after
Heap after GC invocations=6 (full 0):
 PSYoungGen      total 145408K, used 10897K [0x00000000d5c00000, 0x00000000dfa00000, 0x0000000100000000)
  eden space 132096K, 0% used [0x00000000d5c00000,0x00000000d5c00000,0x00000000ddd00000)
  from space 13312K, 81% used [0x00000000deb00000,0x00000000df5a45e0,0x00000000df800000)
  to   space 14336K, 0% used [0x00000000ddd00000,0x00000000ddd00000,0x00000000deb00000)
 ParOldGen       total 87552K, used 16563K [0x0000000081400000, 0x0000000086980000, 0x00000000d5c00000)
  object space 87552K, 18% used [0x0000000081400000,0x000000008242cda0,0x0000000086980000)
 Metaspace       used 17542K, capacity 17922K, committed 18048K, reserved 1064960K
  class space    used 2049K, capacity 2153K, committed 2176K, reserved 1048576K
}
Event: 4.338 GC heap before
{Heap before GC invocations=7 (full 0):
 PSYoungGen      total 145408K, used 88360K [0x00000000d5c00000, 0x00000000dfa00000, 0x0000000100000000)
  eden space 132096K, 58% used [0x00000000d5c00000,0x00000000da7a5ce8,0x00000000ddd00000)
  from space 13312K, 81% used [0x00000000deb00000,0x00000000df5a45e0,0x00000000df800000)
  to   space 14336K, 0% used [0x00000000ddd00000,0x00000000ddd00000,0x00000000deb00000)
 ParOldGen       total 87552K, used 16563K [0x0000000081400000, 0x0000000086980000, 0x00000000d5c00000)
  object space 87552K, 18% used [0x0000000081400000,0x000000008242cda0,0x0000000086980000)
 Metaspace       used 20539K, capacity 21124K, committed 21296K, reserved 1069056K
  class space    used 2429K, capacity 2587K, committed 2608K, reserved 1048576K
Event: 4.376 GC heap after
Heap after GC invocations=7 (full 0):
 PSYoungGen      total 146432K, used 14316K [0x00000000d5c00000, 0x00000000e7f00000, 0x0000000100000000)
  eden space 132096K, 0% used [0x00000000d5c00000,0x00000000d5c00000,0x00000000ddd00000)
  from space 14336K, 99% used [0x00000000ddd00000,0x00000000deafb1a8,0x00000000deb00000)
  to   space 16896K, 0% used [0x00000000e6e80000,0x00000000e6e80000,0x00000000e7f00000)
 ParOldGen       total 87552K, used 17848K [0x0000000081400000, 0x0000000086980000, 0x00000000d5c00000)
  object space 87552K, 20% used [0x0000000081400000,0x000000008256e1c0,0x0000000086980000)
 Metaspace       used 20539K, capacity 21124K, committed 21296K, reserved 1069056K
  class space    used 2429K, capacity 2587K, committed 2608K, reserved 1048576K
}
Event: 4.376 GC heap before
{Heap before GC invocations=8 (full 1):
 PSYoungGen      total 146432K, used 14316K [0x00000000d5c00000, 0x00000000e7f00000, 0x0000000100000000)
  eden space 132096K, 0% used [0x00000000d5c00000,0x00000000d5c00000,0x00000000ddd00000)
  from space 14336K, 99% used [0x00000000ddd00000,0x00000000deafb1a8,0x00000000deb00000)
  to   space 16896K, 0% used [0x00000000e6e80000,0x00000000e6e80000,0x00000000e7f00000)
 ParOldGen       total 87552K, used 17848K [0x0000000081400000, 0x0000000086980000, 0x00000000d5c00000)
  object space 87552K, 20% used [0x0000000081400000,0x000000008256e1c0,0x0000000086980000)
 Metaspace       used 20539K, capacity 21124K, committed 21296K, reserved 1069056K
  class space    used 2429K, capacity 2587K, committed 2608K, reserved 1048576K
Event: 4.572 GC heap after
Heap after GC invocations=8 (full 1):
 PSYoungGen      total 146432K, used 0K [0x00000000d5c00000, 0x00000000e7f00000, 0x0000000100000000)
  eden space 132096K, 0% used [0x00000000d5c00000,0x00000000d5c00000,0x00000000ddd00000)
  from space 14336K, 0% used [0x00000000ddd00000,0x00000000ddd00000,0x00000000deb00000)
  to   space 16896K, 0% used [0x00000000e6e80000,0x00000000e6e80000,0x00000000e7f00000)
 ParOldGen       total 86528K, used 26030K [0x0000000081400000, 0x0000000086880000, 0x00000000d5c00000)
  object space 86528K, 30% used [0x0000000081400000,0x0000000082d6ba68,0x0000000086880000)
 Metaspace       used 20539K, capacity 21124K, committed 21296K, reserved 1069056K
  class space    used 2429K, capacity 2587K, committed 2608K, reserved 1048576K
}
Event: 7.026 GC heap before
{Heap before GC invocations=9 (full 1):
 PSYoungGen      total 146432K, used 112131K [0x00000000d5c00000, 0x00000000e7f00000, 0x0000000100000000)
  eden space 132096K, 84% used [0x00000000d5c00000,0x00000000dc980c58,0x00000000ddd00000)
  from space 14336K, 0% used [0x00000000ddd00000,0x00000000ddd00000,0x00000000deb00000)
  to   space 16896K, 0% used [0x00000000e6e80000,0x00000000e6e80000,0x00000000e7f00000)
 ParOldGen       total 86528K, used 26030K [0x0000000081400000, 0x0000000086880000, 0x00000000d5c00000)
  object space 86528K, 30% used [0x0000000081400000,0x0000000082d6ba68,0x0000000086880000)
 Metaspace       used 34469K, capacity 35386K, committed 35496K, reserved 1081344K
  class space    used 4333K, capacity 4599K, committed 4656K, reserved 1048576K
Event: 7.041 GC heap after
Heap after GC invocations=9 (full 1):
 PSYoungGen      total 194560K, used 14066K [0x00000000d5c00000, 0x00000000e7c80000, 0x0000000100000000)
  eden space 180224K, 0% used [0x00000000d5c00000,0x00000000d5c00000,0x00000000e0c00000)
  from space 14336K, 98% used [0x00000000e6e80000,0x00000000e7c3c9b8,0x00000000e7c80000)
  to   space 17920K, 0% used [0x00000000e5980000,0x00000000e5980000,0x00000000e6b00000)
 ParOldGen       total 86528K, used 26038K [0x0000000081400000, 0x0000000086880000, 0x00000000d5c00000)
  object space 86528K, 30% used [0x0000000081400000,0x0000000082d6da68,0x0000000086880000)
 Metaspace       used 34469K, capacity 35386K, committed 35496K, reserved 1081344K
  class space    used 4333K, capacity 4599K, committed 4656K, reserved 1048576K
}
Event: 7.041 GC heap before
{Heap before GC invocations=10 (full 2):
 PSYoungGen      total 194560K, used 14066K [0x00000000d5c00000, 0x00000000e7c80000, 0x0000000100000000)
  eden space 180224K, 0% used [0x00000000d5c00000,0x00000000d5c00000,0x00000000e0c00000)
  from space 14336K, 98% used [0x00000000e6e80000,0x00000000e7c3c9b8,0x00000000e7c80000)
  to   space 17920K, 0% used [0x00000000e5980000,0x00000000e5980000,0x00000000e6b00000)
 ParOldGen       total 86528K, used 26038K [0x0000000081400000, 0x0000000086880000, 0x00000000d5c00000)
  object space 86528K, 30% used [0x0000000081400000,0x0000000082d6da68,0x0000000086880000)
 Metaspace       used 34469K, capacity 35386K, committed 35496K, reserved 1081344K
  class space    used 4333K, capacity 4599K, committed 4656K, reserved 1048576K
Event: 7.238 GC heap after
Heap after GC invocations=10 (full 2):
 PSYoungGen      total 194560K, used 0K [0x00000000d5c00000, 0x00000000e7c80000, 0x0000000100000000)
  eden space 180224K, 0% used [0x00000000d5c00000,0x00000000d5c00000,0x00000000e0c00000)
  from space 14336K, 0% used [0x00000000e6e80000,0x00000000e6e80000,0x00000000e7c80000)
  to   space 17920K, 0% used [0x00000000e5980000,0x00000000e5980000,0x00000000e6b00000)
 ParOldGen       total 134144K, used 36228K [0x0000000081400000, 0x0000000089700000, 0x00000000d5c00000)
  object space 134144K, 27% used [0x0000000081400000,0x0000000083761048,0x0000000089700000)
 Metaspace       used 34469K, capacity 35386K, committed 35496K, reserved 1081344K
  class space    used 4333K, capacity 4599K, committed 4656K, reserved 1048576K
}

