# JRE version: Java(TM) SE Runtime Environment (8.0_201-b09) (build 1.8.0_201-b09)
# Java VM: Java HotSpot(TM) 64-Bit Server VM (25.201-b09 mixed mode windows-amd64 compressed oops)
Heap:
 PSYoungGen      total 201216K, used 187779K [0x00000000d5c00000, 0x00000000e7a00000, 0x0000000100000000)
  eden space 186880K, 92% used [0x00000000d5c00000,0x00000000e05610a0,0x00000000e1280000)
  from space 14336K, 99% used [0x00000000e6c00000,0x00000000e79ffcd8,0x00000000e7a00000)
  to   space 17408K, 0% used [0x00000000e5800000,0x00000000e5800000,0x00000000e6900000)
 ParOldGen       total 81408K, used 25522K [0x0000000081400000, 0x0000000086380000, 0x00000000d5c00000)
  object space 81408K, 31% used [0x0000000081400000,0x0000000082cec838,0x0000000086380000)
 Metaspace       used 28255K, capacity 29040K, committed 29184K, reserved 1075200K
  class space    used 3313K, capacity 3518K, committed 3584K, reserved 1048576K
GC Heap History (10 events):
Event: 2.444 GC heap before
{Heap before GC invocations=5 (full 0):
 PSYoungGen      total 71680K, used 71672K [0x00000000d5c00000, 0x00000000da700000, 0x0000000100000000)
  eden space 66560K, 100% used [0x00000000d5c00000,0x00000000d9d00000,0x00000000d9d00000)
  from space 5120K, 99% used [0x00000000da200000,0x00000000da6fe050,0x00000000da700000)
  to   space 5120K, 0% used [0x00000000d9d00000,0x00000000d9d00000,0x00000000da200000)
 ParOldGen       total 87552K, used 9418K [0x0000000081400000, 0x0000000086980000, 0x00000000d5c00000)
  object space 87552K, 10% used [0x0000000081400000,0x0000000081d32b70,0x0000000086980000)
 Metaspace       used 16201K, capacity 16536K, committed 16896K, reserved 1064960K
  class space    used 1925K, capacity 2014K, committed 2048K, reserved 1048576K
Event: 2.469 GC heap after
Heap after GC invocations=5 (full 0):
 PSYoungGen      total 71680K, used 5112K [0x00000000d5c00000, 0x00000000df800000, 0x0000000100000000)
  eden space 66560K, 0% used [0x00000000d5c00000,0x00000000d5c00000,0x00000000d9d00000)
  from space 5120K, 99% used [0x00000000d9d00000,0x00000000da1fe030,0x00000000da200000)
  to   space 13312K, 0% used [0x00000000deb00000,0x00000000deb00000,0x00000000df800000)
 ParOldGen       total 87552K, used 16483K [0x0000000081400000, 0x0000000086980000, 0x00000000d5c00000)
  object space 87552K, 18% used [0x0000000081400000,0x0000000082418c20,0x0000000086980000)
 Metaspace       used 16201K, capacity 16536K, committed 16896K, reserved 1064960K
  class space    used 1925K, capacity 2014K, committed 2048K, reserved 1048576K
}
Event: 3.034 GC heap before
{Heap before GC invocations=6 (full 0):
 PSYoungGen      total 71680K, used 71672K [0x00000000d5c00000, 0x00000000df800000, 0x0000000100000000)
  eden space 66560K, 100% used [0x00000000d5c00000,0x00000000d9d00000,0x00000000d9d00000)
  from space 5120K, 99% used [0x00000000d9d00000,0x00000000da1fe030,0x00000000da200000)
  to   space 13312K, 0% used [0x00000000deb00000,0x00000000deb00000,0x00000000df800000)
 ParOldGen       total 87552K, used 16483K [0x0000000081400000, 0x0000000086980000, 0x00000000d5c00000)
  object space 87552K, 18% used [0x0000000081400000,0x0000000082418c20,0x0000000086980000)
 Metaspace       used 17479K, capacity 17858K, committed 18048K, reserved 1064960K
  class space    used 2050K, capacity 2153K, committed 2176K, reserved 1048576K
Event: 3.056 GC heap after
Heap after GC invocations=6 (full 0):
 PSYoungGen      total 145408K, used 10913K [0x00000000d5c00000, 0x00000000dfa00000, 0x0000000100000000)
  eden space 132096K, 0% used [0x00000000d5c00000,0x00000000d5c00000,0x00000000ddd00000)
  from space 13312K, 81% used [0x00000000deb00000,0x00000000df5a85b0,0x00000000df800000)
  to   space 14336K, 0% used [0x00000000ddd00000,0x00000000ddd00000,0x00000000deb00000)
 ParOldGen       total 87552K, used 16491K [0x0000000081400000, 0x0000000086980000, 0x00000000d5c00000)
  object space 87552K, 18% used [0x0000000081400000,0x000000008241ac20,0x0000000086980000)
 Metaspace       used 17479K, capacity 17858K, committed 18048K, reserved 1064960K
  class space    used 2050K, capacity 2153K, committed 2176K, reserved 1048576K
}
Event: 3.563 GC heap before
{Heap before GC invocations=7 (full 0):
 PSYoungGen      total 145408K, used 37490K [0x00000000d5c00000, 0x00000000dfa00000, 0x0000000100000000)
  eden space 132096K, 20% used [0x00000000d5c00000,0x00000000d75f42b0,0x00000000ddd00000)
  from space 13312K, 81% used [0x00000000deb00000,0x00000000df5a85b0,0x00000000df800000)
  to   space 14336K, 0% used [0x00000000ddd00000,0x00000000ddd00000,0x00000000deb00000)
 ParOldGen       total 87552K, used 16491K [0x0000000081400000, 0x0000000086980000, 0x00000000d5c00000)
  object space 87552K, 18% used [0x0000000081400000,0x000000008241ac20,0x0000000086980000)
 Metaspace       used 20618K, capacity 21090K, committed 21296K, reserved 1069056K
  class space    used 2465K, capacity 2617K, committed 2688K, reserved 1048576K
Event: 3.612 GC heap after
Heap after GC invocations=7 (full 0):
 PSYoungGen      total 146432K, used 10604K [0x00000000d5c00000, 0x00000000e7a00000, 0x0000000100000000)
  eden space 132096K, 0% used [0x00000000d5c00000,0x00000000d5c00000,0x00000000ddd00000)
  from space 14336K, 73% used [0x00000000ddd00000,0x00000000de75b130,0x00000000deb00000)
  to   space 14336K, 0% used [0x00000000e6c00000,0x00000000e6c00000,0x00000000e7a00000)
 ParOldGen       total 87552K, used 17687K [0x0000000081400000, 0x0000000086980000, 0x00000000d5c00000)
  object space 87552K, 20% used [0x0000000081400000,0x0000000082545c40,0x0000000086980000)
 Metaspace       used 20618K, capacity 21090K, committed 21296K, reserved 1069056K
  class space    used 2465K, capacity 2617K, committed 2688K, reserved 1048576K
}
Event: 3.612 GC heap before
{Heap before GC invocations=8 (full 1):
 PSYoungGen      total 146432K, used 10604K [0x00000000d5c00000, 0x00000000e7a00000, 0x0000000100000000)
  eden space 132096K, 0% used [0x00000000d5c00000,0x00000000d5c00000,0x00000000ddd00000)
  from space 14336K, 73% used [0x00000000ddd00000,0x00000000de75b130,0x00000000deb00000)
  to   space 14336K, 0% used [0x00000000e6c00000,0x00000000e6c00000,0x00000000e7a00000)
 ParOldGen       total 87552K, used 17687K [0x0000000081400000, 0x0000000086980000, 0x00000000d5c00000)
  object space 87552K, 20% used [0x0000000081400000,0x0000000082545c40,0x0000000086980000)
 Metaspace       used 20618K, capacity 21090K, committed 21296K, reserved 1069056K
  class space    used 2465K, capacity 2617K, committed 2688K, reserved 1048576K
Event: 3.818 GC heap after
Heap after GC invocations=8 (full 1):
 PSYoungGen      total 146432K, used 0K [0x00000000d5c00000, 0x00000000e7a00000, 0x0000000100000000)
  eden space 132096K, 0% used [0x00000000d5c00000,0x00000000d5c00000,0x00000000ddd00000)
  from space 14336K, 0% used [0x00000000ddd00000,0x00000000ddd00000,0x00000000deb00000)
  to   space 14336K, 0% used [0x00000000e6c00000,0x00000000e6c00000,0x00000000e7a00000)
 ParOldGen       total 81408K, used 21716K [0x0000000081400000, 0x0000000086380000, 0x00000000d5c00000)
  object space 81408K, 26% used [0x0000000081400000,0x0000000082935290,0x0000000086380000)
 Metaspace       used 20618K, capacity 21090K, committed 21296K, reserved 1069056K
  class space    used 2465K, capacity 2617K, committed 2688K, reserved 1048576K
}
Event: 7.058 GC heap before
{Heap before GC invocations=9 (full 1):
 PSYoungGen      total 146432K, used 132096K [0x00000000d5c00000, 0x00000000e7a00000, 0x0000000100000000)
  eden space 132096K, 100% used [0x00000000d5c00000,0x00000000ddd00000,0x00000000ddd00000)
  from space 14336K, 0% used [0x00000000ddd00000,0x00000000ddd00000,0x00000000deb00000)
  to   space 14336K, 0% used [0x00000000e6c00000,0x00000000e6c00000,0x00000000e7a00000)
 ParOldGen       total 81408K, used 21716K [0x0000000081400000, 0x0000000086380000, 0x00000000d5c00000)
  object space 81408K, 26% used [0x0000000081400000,0x0000000082935290,0x0000000086380000)
 Metaspace       used 24722K, capacity 25362K, committed 25600K, reserved 1071104K
  class space    used 2878K, capacity 3038K, committed 3072K, reserved 1048576K
Event: 7.122 GC heap after
Heap after GC invocations=9 (full 1):
 PSYoungGen      total 201216K, used 14335K [0x00000000d5c00000, 0x00000000e7a00000, 0x0000000100000000)
  eden space 186880K, 0% used [0x00000000d5c00000,0x00000000d5c00000,0x00000000e1280000)
  from space 14336K, 99% used [0x00000000e6c00000,0x00000000e79ffcd8,0x00000000e7a00000)
  to   space 17408K, 0% used [0x00000000e5800000,0x00000000e5800000,0x00000000e6900000)
 ParOldGen       total 81408K, used 25522K [0x0000000081400000, 0x0000000086380000, 0x00000000d5c00000)
  object space 81408K, 31% used [0x0000000081400000,0x0000000082cec838,0x0000000086380000)
 Metaspace       used 24722K, capacity 25362K, committed 25600K, reserved 1071104K
  class space    used 2878K, capacity 3038K, committed 3072K, reserved 1048576K
}

