# JRE version: Java(TM) SE Runtime Environment (8.0_201-b09) (build 1.8.0_201-b09)
# Java VM: Java HotSpot(TM) 64-Bit Server VM (25.201-b09 mixed mode windows-amd64 compressed oops)
Heap:
 PSYoungGen      total 402432K, used 142358K [0x00000000d5c00000, 0x00000000f0c00000, 0x0000000100000000)
  eden space 377856K, 37% used [0x00000000d5c00000,0x00000000de705820,0x00000000ecd00000)
  from space 24576K, 0% used [0x00000000ef400000,0x00000000ef400000,0x00000000f0c00000)
  to   space 32256K, 0% used [0x00000000ecd00000,0x00000000ecd00000,0x00000000eec80000)
 ParOldGen       total 145920K, used 54155K [0x0000000081400000, 0x000000008a280000, 0x00000000d5c00000)
  object space 145920K, 37% used [0x0000000081400000,0x00000000848e2e28,0x000000008a280000)
 Metaspace       used 70068K, capacity 72588K, committed 72948K, reserved 1114112K
  class space    used 8431K, capacity 8935K, committed 9008K, reserved 1048576K
GC Heap History (10 events):
Event: 6.379 GC heap before
{Heap before GC invocations=9 (full 1):
 PSYoungGen      total 276992K, used 28314K [0x00000000d5c00000, 0x00000000ea000000, 0x0000000100000000)
  eden space 253952K, 2% used [0x00000000d5c00000,0x00000000d612cb58,0x00000000e5400000)
  from space 23040K, 99% used [0x00000000e5400000,0x00000000e6a7a048,0x00000000e6a80000)
  to   space 29696K, 0% used [0x00000000e8300000,0x00000000e8300000,0x00000000ea000000)
 ParOldGen       total 86528K, used 34115K [0x0000000081400000, 0x0000000086880000, 0x00000000d5c00000)
  object space 86528K, 39% used [0x0000000081400000,0x0000000083550e98,0x0000000086880000)
 Metaspace       used 34691K, capacity 35636K, committed 35828K, reserved 1081344K
  class space    used 4319K, capacity 4583K, committed 4656K, reserved 1048576K
Event: 6.398 GC heap after
Heap after GC invocations=9 (full 1):
 PSYoungGen      total 300544K, used 22640K [0x00000000d5c00000, 0x00000000f5400000, 0x0000000100000000)
  eden space 270848K, 0% used [0x00000000d5c00000,0x00000000d5c00000,0x00000000e6480000)
  from space 29696K, 76% used [0x00000000e8300000,0x00000000e991c068,0x00000000ea000000)
  to   space 31232K, 0% used [0x00000000e6480000,0x00000000e6480000,0x00000000e8300000)
 ParOldGen       total 86528K, used 34123K [0x0000000081400000, 0x0000000086880000, 0x00000000d5c00000)
  object space 86528K, 39% used [0x0000000081400000,0x0000000083552e98,0x0000000086880000)
 Metaspace       used 34691K, capacity 35636K, committed 35828K, reserved 1081344K
  class space    used 4319K, capacity 4583K, committed 4656K, reserved 1048576K
}
Event: 6.399 GC heap before
{Heap before GC invocations=10 (full 2):
 PSYoungGen      total 300544K, used 22640K [0x00000000d5c00000, 0x00000000f5400000, 0x0000000100000000)
  eden space 270848K, 0% used [0x00000000d5c00000,0x00000000d5c00000,0x00000000e6480000)
  from space 29696K, 76% used [0x00000000e8300000,0x00000000e991c068,0x00000000ea000000)
  to   space 31232K, 0% used [0x00000000e6480000,0x00000000e6480000,0x00000000e8300000)
 ParOldGen       total 86528K, used 34123K [0x0000000081400000, 0x0000000086880000, 0x00000000d5c00000)
  object space 86528K, 39% used [0x0000000081400000,0x0000000083552e98,0x0000000086880000)
 Metaspace       used 34691K, capacity 35636K, committed 35828K, reserved 1081344K
  class space    used 4319K, capacity 4583K, committed 4656K, reserved 1048576K
Event: 6.556 GC heap after
Heap after GC invocations=10 (full 2):
 PSYoungGen      total 300544K, used 0K [0x00000000d5c00000, 0x00000000f5400000, 0x0000000100000000)
  eden space 270848K, 0% used [0x00000000d5c00000,0x00000000d5c00000,0x00000000e6480000)
  from space 29696K, 0% used [0x00000000e8300000,0x00000000e8300000,0x00000000ea000000)
  to   space 31232K, 0% used [0x00000000e6480000,0x00000000e6480000,0x00000000e8300000)
 ParOldGen       total 123904K, used 48105K [0x0000000081400000, 0x0000000088d00000, 0x00000000d5c00000)
  object space 123904K, 38% used [0x0000000081400000,0x00000000842fa418,0x0000000088d00000)
 Metaspace       used 33694K, capacity 34568K, committed 35828K, reserved 1081344K
  class space    used 4182K, capacity 4440K, committed 4656K, reserved 1048576K
}
Event: 9.396 GC heap before
{Heap before GC invocations=11 (full 2):
 PSYoungGen      total 300544K, used 270848K [0x00000000d5c00000, 0x00000000f5400000, 0x0000000100000000)
  eden space 270848K, 100% used [0x00000000d5c00000,0x00000000e6480000,0x00000000e6480000)
  from space 29696K, 0% used [0x00000000e8300000,0x00000000e8300000,0x00000000ea000000)
  to   space 31232K, 0% used [0x00000000e6480000,0x00000000e6480000,0x00000000e8300000)
 ParOldGen       total 123904K, used 48105K [0x0000000081400000, 0x0000000088d00000, 0x00000000d5c00000)
  object space 123904K, 38% used [0x0000000081400000,0x00000000842fa418,0x0000000088d00000)
 Metaspace       used 52459K, capacity 54368K, committed 54644K, reserved 1097728K
  class space    used 6584K, capacity 7010K, committed 7088K, reserved 1048576K
Event: 9.441 GC heap after
Heap after GC invocations=11 (full 2):
 PSYoungGen      total 302080K, used 25400K [0x00000000d5c00000, 0x00000000f1500000, 0x0000000100000000)
  eden space 270848K, 0% used [0x00000000d5c00000,0x00000000d5c00000,0x00000000e6480000)
  from space 31232K, 81% used [0x00000000e6480000,0x00000000e7d4e198,0x00000000e8300000)
  to   space 33792K, 0% used [0x00000000ef400000,0x00000000ef400000,0x00000000f1500000)
 ParOldGen       total 123904K, used 48113K [0x0000000081400000, 0x0000000088d00000, 0x00000000d5c00000)
  object space 123904K, 38% used [0x0000000081400000,0x00000000842fc418,0x0000000088d00000)
 Metaspace       used 52459K, capacity 54368K, committed 54644K, reserved 1097728K
  class space    used 6584K, capacity 7010K, committed 7088K, reserved 1048576K
}
Event: 10.374 GC heap before
{Heap before GC invocations=12 (full 2):
 PSYoungGen      total 302080K, used 117434K [0x00000000d5c00000, 0x00000000f1500000, 0x0000000100000000)
  eden space 270848K, 33% used [0x00000000d5c00000,0x00000000db5e0928,0x00000000e6480000)
  from space 31232K, 81% used [0x00000000e6480000,0x00000000e7d4e198,0x00000000e8300000)
  to   space 33792K, 0% used [0x00000000ef400000,0x00000000ef400000,0x00000000f1500000)
 ParOldGen       total 123904K, used 48113K [0x0000000081400000, 0x0000000088d00000, 0x00000000d5c00000)
  object space 123904K, 38% used [0x0000000081400000,0x00000000842fc418,0x0000000088d00000)
 Metaspace       used 57440K, capacity 59694K, committed 59716K, reserved 1101824K
  class space    used 7244K, capacity 7718K, committed 7728K, reserved 1048576K
Event: 10.410 GC heap after
Heap after GC invocations=12 (full 2):
 PSYoungGen      total 402432K, used 15462K [0x00000000d5c00000, 0x00000000f0c00000, 0x0000000100000000)
  eden space 377856K, 0% used [0x00000000d5c00000,0x00000000d5c00000,0x00000000ecd00000)
  from space 24576K, 62% used [0x00000000ef400000,0x00000000f0319b68,0x00000000f0c00000)
  to   space 32256K, 0% used [0x00000000ecd00000,0x00000000ecd00000,0x00000000eec80000)
 ParOldGen       total 123904K, used 48121K [0x0000000081400000, 0x0000000088d00000, 0x00000000d5c00000)
  object space 123904K, 38% used [0x0000000081400000,0x00000000842fe418,0x0000000088d00000)
 Metaspace       used 57440K, capacity 59694K, committed 59716K, reserved 1101824K
  class space    used 7244K, capacity 7718K, committed 7728K, reserved 1048576K
}
Event: 10.410 GC heap before
{Heap before GC invocations=13 (full 3):
 PSYoungGen      total 402432K, used 15462K [0x00000000d5c00000, 0x00000000f0c00000, 0x0000000100000000)
  eden space 377856K, 0% used [0x00000000d5c00000,0x00000000d5c00000,0x00000000ecd00000)
  from space 24576K, 62% used [0x00000000ef400000,0x00000000f0319b68,0x00000000f0c00000)
  to   space 32256K, 0% used [0x00000000ecd00000,0x00000000ecd00000,0x00000000eec80000)
 ParOldGen       total 123904K, used 48121K [0x0000000081400000, 0x0000000088d00000, 0x00000000d5c00000)
  object space 123904K, 38% used [0x0000000081400000,0x00000000842fe418,0x0000000088d00000)
 Metaspace       used 57440K, capacity 59694K, committed 59716K, reserved 1101824K
  class space    used 7244K, capacity 7718K, committed 7728K, reserved 1048576K
Event: 10.747 GC heap after
Heap after GC invocations=13 (full 3):
 PSYoungGen      total 402432K, used 0K [0x00000000d5c00000, 0x00000000f0c00000, 0x0000000100000000)
  eden space 377856K, 0% used [0x00000000d5c00000,0x00000000d5c00000,0x00000000ecd00000)
  from space 24576K, 0% used [0x00000000ef400000,0x00000000ef400000,0x00000000f0c00000)
  to   space 32256K, 0% used [0x00000000ecd00000,0x00000000ecd00000,0x00000000eec80000)
 ParOldGen       total 145920K, used 54155K [0x0000000081400000, 0x000000008a280000, 0x00000000d5c00000)
  object space 145920K, 37% used [0x0000000081400000,0x00000000848e2e28,0x000000008a280000)
 Metaspace       used 57440K, capacity 59694K, committed 59716K, reserved 1101824K
  class space    used 7244K, capacity 7718K, committed 7728K, reserved 1048576K
}

