# JRE version: Java(TM) SE Runtime Environment (8.0_201-b09) (build 1.8.0_201-b09)
# Java VM: Java HotSpot(TM) 64-Bit Server VM (25.201-b09 mixed mode windows-amd64 compressed oops)
Heap:
 PSYoungGen      total 283136K, used 6995K [0x00000000d5c00000, 0x00000000e8200000, 0x0000000100000000)
  eden space 266240K, 0% used [0x00000000d5c00000,0x00000000d5c00000,0x00000000e6000000)
  from space 16896K, 41% used [0x00000000e7180000,0x00000000e7854f40,0x00000000e8200000)
  to   space 17408K, 0% used [0x00000000e6000000,0x00000000e6000000,0x00000000e7100000)
 ParOldGen       total 87552K, used 25727K [0x0000000081400000, 0x0000000086980000, 0x00000000d5c00000)
  object space 87552K, 29% used [0x0000000081400000,0x0000000082d1ff00,0x0000000086980000)
 Metaspace       used 20492K, capacity 21044K, committed 21296K, reserved 1069056K
  class space    used 2419K, capacity 2582K, committed 2688K, reserved 1048576K
GC Heap History (10 events):
Event: 1.204 GC heap after
Heap after GC invocations=2 (full 0):
 PSYoungGen      total 71680K, used 5115K [0x00000000d5c00000, 0x00000000da700000, 0x0000000100000000)
  eden space 66560K, 0% used [0x00000000d5c00000,0x00000000d5c00000,0x00000000d9d00000)
  from space 5120K, 99% used [0x00000000da200000,0x00000000da6fee58,0x00000000da700000)
  to   space 5120K, 0% used [0x00000000d9d00000,0x00000000d9d00000,0x00000000da200000)
 ParOldGen       total 87552K, used 1805K [0x0000000081400000, 0x0000000086980000, 0x00000000d5c00000)
  object space 87552K, 2% used [0x0000000081400000,0x00000000815c3438,0x0000000086980000)
 Metaspace       used 12012K, capacity 12330K, committed 12672K, reserved 1060864K
  class space    used 1477K, capacity 1575K, committed 1664K, reserved 1048576K
}
Event: 2.003 GC heap before
{Heap before GC invocations=3 (full 0):
 PSYoungGen      total 71680K, used 71675K [0x00000000d5c00000, 0x00000000da700000, 0x0000000100000000)
  eden space 66560K, 100% used [0x00000000d5c00000,0x00000000d9d00000,0x00000000d9d00000)
  from space 5120K, 99% used [0x00000000da200000,0x00000000da6fee58,0x00000000da700000)
  to   space 5120K, 0% used [0x00000000d9d00000,0x00000000d9d00000,0x00000000da200000)
 ParOldGen       total 87552K, used 1805K [0x0000000081400000, 0x0000000086980000, 0x00000000d5c00000)
  object space 87552K, 2% used [0x0000000081400000,0x00000000815c3438,0x0000000086980000)
 Metaspace       used 15702K, capacity 16058K, committed 16384K, reserved 1062912K
  class space    used 1897K, capacity 2009K, committed 2048K, reserved 1048576K
Event: 2.018 GC heap after
Heap after GC invocations=3 (full 0):
 PSYoungGen      total 71680K, used 5096K [0x00000000d5c00000, 0x00000000de800000, 0x0000000100000000)
  eden space 66560K, 0% used [0x00000000d5c00000,0x00000000d5c00000,0x00000000d9d00000)
  from space 5120K, 99% used [0x00000000d9d00000,0x00000000da1fa020,0x00000000da200000)
  to   space 5120K, 0% used [0x00000000de300000,0x00000000de300000,0x00000000de800000)
 ParOldGen       total 87552K, used 9028K [0x0000000081400000, 0x0000000086980000, 0x00000000d5c00000)
  object space 87552K, 10% used [0x0000000081400000,0x0000000081cd1330,0x0000000086980000)
 Metaspace       used 15702K, capacity 16058K, committed 16384K, reserved 1062912K
  class space    used 1897K, capacity 2009K, committed 2048K, reserved 1048576K
}
Event: 2.419 GC heap before
{Heap before GC invocations=4 (full 0):
 PSYoungGen      total 71680K, used 71656K [0x00000000d5c00000, 0x00000000de800000, 0x0000000100000000)
  eden space 66560K, 100% used [0x00000000d5c00000,0x00000000d9d00000,0x00000000d9d00000)
  from space 5120K, 99% used [0x00000000d9d00000,0x00000000da1fa020,0x00000000da200000)
  to   space 5120K, 0% used [0x00000000de300000,0x00000000de300000,0x00000000de800000)
 ParOldGen       total 87552K, used 9028K [0x0000000081400000, 0x0000000086980000, 0x00000000d5c00000)
  object space 87552K, 10% used [0x0000000081400000,0x0000000081cd1330,0x0000000086980000)
 Metaspace       used 16183K, capacity 16536K, committed 16896K, reserved 1064960K
  class space    used 1925K, capacity 2014K, committed 2048K, reserved 1048576K
Event: 2.439 GC heap after
Heap after GC invocations=4 (full 0):
 PSYoungGen      total 138240K, used 5096K [0x00000000d5c00000, 0x00000000de800000, 0x0000000100000000)
  eden space 133120K, 0% used [0x00000000d5c00000,0x00000000d5c00000,0x00000000dde00000)
  from space 5120K, 99% used [0x00000000de300000,0x00000000de7fa020,0x00000000de800000)
  to   space 5120K, 0% used [0x00000000dde00000,0x00000000dde00000,0x00000000de300000)
 ParOldGen       total 87552K, used 16034K [0x0000000081400000, 0x0000000086980000, 0x00000000d5c00000)
  object space 87552K, 18% used [0x0000000081400000,0x00000000823a8968,0x0000000086980000)
 Metaspace       used 16183K, capacity 16536K, committed 16896K, reserved 1064960K
  class space    used 1925K, capacity 2014K, committed 2048K, reserved 1048576K
}
Event: 3.507 GC heap before
{Heap before GC invocations=5 (full 0):
 PSYoungGen      total 138240K, used 138216K [0x00000000d5c00000, 0x00000000de800000, 0x0000000100000000)
  eden space 133120K, 100% used [0x00000000d5c00000,0x00000000dde00000,0x00000000dde00000)
  from space 5120K, 99% used [0x00000000de300000,0x00000000de7fa020,0x00000000de800000)
  to   space 5120K, 0% used [0x00000000dde00000,0x00000000dde00000,0x00000000de300000)
 ParOldGen       total 87552K, used 16034K [0x0000000081400000, 0x0000000086980000, 0x00000000d5c00000)
  object space 87552K, 18% used [0x0000000081400000,0x00000000823a8968,0x0000000086980000)
 Metaspace       used 18600K, capacity 19064K, committed 19200K, reserved 1067008K
  class space    used 2154K, capacity 2301K, committed 2304K, reserved 1048576K
Event: 3.544 GC heap after
Heap after GC invocations=5 (full 0):
 PSYoungGen      total 138240K, used 5112K [0x00000000d5c00000, 0x00000000e8300000, 0x0000000100000000)
  eden space 133120K, 0% used [0x00000000d5c00000,0x00000000d5c00000,0x00000000dde00000)
  from space 5120K, 99% used [0x00000000dde00000,0x00000000de2fe030,0x00000000de300000)
  to   space 17920K, 0% used [0x00000000e7180000,0x00000000e7180000,0x00000000e8300000)
 ParOldGen       total 87552K, used 25727K [0x0000000081400000, 0x0000000086980000, 0x00000000d5c00000)
  object space 87552K, 29% used [0x0000000081400000,0x0000000082d1ff00,0x0000000086980000)
 Metaspace       used 18600K, capacity 19064K, committed 19200K, reserved 1067008K
  class space    used 2154K, capacity 2301K, committed 2304K, reserved 1048576K
}
Event: 3.772 GC heap before
{Heap before GC invocations=6 (full 0):
 PSYoungGen      total 138240K, used 21264K [0x00000000d5c00000, 0x00000000e8300000, 0x0000000100000000)
  eden space 133120K, 12% used [0x00000000d5c00000,0x00000000d6bc6020,0x00000000dde00000)
  from space 5120K, 99% used [0x00000000dde00000,0x00000000de2fe030,0x00000000de300000)
  to   space 17920K, 0% used [0x00000000e7180000,0x00000000e7180000,0x00000000e8300000)
 ParOldGen       total 87552K, used 25727K [0x0000000081400000, 0x0000000086980000, 0x00000000d5c00000)
  object space 87552K, 29% used [0x0000000081400000,0x0000000082d1ff00,0x0000000086980000)
 Metaspace       used 20492K, capacity 21044K, committed 21296K, reserved 1069056K
  class space    used 2419K, capacity 2582K, committed 2688K, reserved 1048576K
Event: 3.788 GC heap after
Heap after GC invocations=6 (full 0):
 PSYoungGen      total 283136K, used 6995K [0x00000000d5c00000, 0x00000000e8200000, 0x0000000100000000)
  eden space 266240K, 0% used [0x00000000d5c00000,0x00000000d5c00000,0x00000000e6000000)
  from space 16896K, 41% used [0x00000000e7180000,0x00000000e7854f40,0x00000000e8200000)
  to   space 17408K, 0% used [0x00000000e6000000,0x00000000e6000000,0x00000000e7100000)
 ParOldGen       total 87552K, used 25727K [0x0000000081400000, 0x0000000086980000, 0x00000000d5c00000)
  object space 87552K, 29% used [0x0000000081400000,0x0000000082d1ff00,0x0000000086980000)
 Metaspace       used 20492K, capacity 21044K, committed 21296K, reserved 1069056K
  class space    used 2419K, capacity 2582K, committed 2688K, reserved 1048576K
}
Event: 3.788 GC heap before
{Heap before GC invocations=7 (full 1):
 PSYoungGen      total 283136K, used 6995K [0x00000000d5c00000, 0x00000000e8200000, 0x0000000100000000)
  eden space 266240K, 0% used [0x00000000d5c00000,0x00000000d5c00000,0x00000000e6000000)
  from space 16896K, 41% used [0x00000000e7180000,0x00000000e7854f40,0x00000000e8200000)
  to   space 17408K, 0% used [0x00000000e6000000,0x00000000e6000000,0x00000000e7100000)
 ParOldGen       total 87552K, used 25727K [0x0000000081400000, 0x0000000086980000, 0x00000000d5c00000)
  object space 87552K, 29% used [0x0000000081400000,0x0000000082d1ff00,0x0000000086980000)
 Metaspace       used 20492K, capacity 21044K, committed 21296K, reserved 1069056K
  class space    used 2419K, capacity 2582K, committed 2688K, reserved 1048576K

