# JRE version: Java(TM) SE Runtime Environment (8.0_201-b09) (build 1.8.0_201-b09)
# Java VM: Java HotSpot(TM) 64-Bit Server VM (25.201-b09 mixed mode windows-amd64 compressed oops)
Heap:
 PSYoungGen      total 146432K, used 49587K [0x00000000d5c00000, 0x00000000e7b00000, 0x0000000100000000)
  eden space 132608K, 37% used [0x00000000d5c00000,0x00000000d8c6cc18,0x00000000ddd80000)
  from space 13824K, 0% used [0x00000000ddd80000,0x00000000ddd80000,0x00000000deb00000)
  to   space 14336K, 0% used [0x00000000e6d00000,0x00000000e6d00000,0x00000000e7b00000)
 ParOldGen       total 79360K, used 21649K [0x0000000081400000, 0x0000000086180000, 0x00000000d5c00000)
  object space 79360K, 27% used [0x0000000081400000,0x00000000829245b0,0x0000000086180000)
 Metaspace       used 23062K, capacity 23608K, committed 23808K, reserved 1071104K
  class space    used 2696K, capacity 2815K, committed 2816K, reserved 1048576K
GC Heap History (10 events):
Event: 1.915 GC heap before
{Heap before GC invocations=4 (full 0):
 PSYoungGen      total 38400K, used 38392K [0x00000000d5c00000, 0x00000000da700000, 0x0000000100000000)
  eden space 33280K, 100% used [0x00000000d5c00000,0x00000000d7c80000,0x00000000d7c80000)
  from space 5120K, 99% used [0x00000000d7c80000,0x00000000d817e030,0x00000000d8180000)
  to   space 5120K, 0% used [0x00000000da200000,0x00000000da200000,0x00000000da700000)
 ParOldGen       total 87552K, used 5132K [0x0000000081400000, 0x0000000086980000, 0x00000000d5c00000)
  object space 87552K, 5% used [0x0000000081400000,0x0000000081903388,0x0000000086980000)
 Metaspace       used 15710K, capacity 16058K, committed 16384K, reserved 1062912K
  class space    used 1897K, capacity 2009K, committed 2048K, reserved 1048576K
Event: 1.930 GC heap after
Heap after GC invocations=4 (full 0):
 PSYoungGen      total 71680K, used 5112K [0x00000000d5c00000, 0x00000000da700000, 0x0000000100000000)
  eden space 66560K, 0% used [0x00000000d5c00000,0x00000000d5c00000,0x00000000d9d00000)
  from space 5120K, 99% used [0x00000000da200000,0x00000000da6fe030,0x00000000da700000)
  to   space 5120K, 0% used [0x00000000d9d00000,0x00000000d9d00000,0x00000000da200000)
 ParOldGen       total 87552K, used 9894K [0x0000000081400000, 0x0000000086980000, 0x00000000d5c00000)
  object space 87552K, 11% used [0x0000000081400000,0x0000000081da9878,0x0000000086980000)
 Metaspace       used 15710K, capacity 16058K, committed 16384K, reserved 1062912K
  class space    used 1897K, capacity 2009K, committed 2048K, reserved 1048576K
}
Event: 2.368 GC heap before
{Heap before GC invocations=5 (full 0):
 PSYoungGen      total 71680K, used 71672K [0x00000000d5c00000, 0x00000000da700000, 0x0000000100000000)
  eden space 66560K, 100% used [0x00000000d5c00000,0x00000000d9d00000,0x00000000d9d00000)
  from space 5120K, 99% used [0x00000000da200000,0x00000000da6fe030,0x00000000da700000)
  to   space 5120K, 0% used [0x00000000d9d00000,0x00000000d9d00000,0x00000000da200000)
 ParOldGen       total 87552K, used 9894K [0x0000000081400000, 0x0000000086980000, 0x00000000d5c00000)
  object space 87552K, 11% used [0x0000000081400000,0x0000000081da9878,0x0000000086980000)
 Metaspace       used 16186K, capacity 16536K, committed 16896K, reserved 1064960K
  class space    used 1925K, capacity 2014K, committed 2048K, reserved 1048576K
Event: 2.399 GC heap after
Heap after GC invocations=5 (full 0):
 PSYoungGen      total 71680K, used 5112K [0x00000000d5c00000, 0x00000000df800000, 0x0000000100000000)
  eden space 66560K, 0% used [0x00000000d5c00000,0x00000000d5c00000,0x00000000d9d00000)
  from space 5120K, 99% used [0x00000000d9d00000,0x00000000da1fe010,0x00000000da200000)
  to   space 13312K, 0% used [0x00000000deb00000,0x00000000deb00000,0x00000000df800000)
 ParOldGen       total 87552K, used 16523K [0x0000000081400000, 0x0000000086980000, 0x00000000d5c00000)
  object space 87552K, 18% used [0x0000000081400000,0x0000000082422ea0,0x0000000086980000)
 Metaspace       used 16186K, capacity 16536K, committed 16896K, reserved 1064960K
  class space    used 1925K, capacity 2014K, committed 2048K, reserved 1048576K
}
Event: 2.970 GC heap before
{Heap before GC invocations=6 (full 0):
 PSYoungGen      total 71680K, used 71672K [0x00000000d5c00000, 0x00000000df800000, 0x0000000100000000)
  eden space 66560K, 100% used [0x00000000d5c00000,0x00000000d9d00000,0x00000000d9d00000)
  from space 5120K, 99% used [0x00000000d9d00000,0x00000000da1fe010,0x00000000da200000)
  to   space 13312K, 0% used [0x00000000deb00000,0x00000000deb00000,0x00000000df800000)
 ParOldGen       total 87552K, used 16523K [0x0000000081400000, 0x0000000086980000, 0x00000000d5c00000)
  object space 87552K, 18% used [0x0000000081400000,0x0000000082422ea0,0x0000000086980000)
 Metaspace       used 17616K, capacity 18018K, committed 18432K, reserved 1064960K
  class space    used 2069K, capacity 2185K, committed 2304K, reserved 1048576K
Event: 2.988 GC heap after
Heap after GC invocations=6 (full 0):
 PSYoungGen      total 145920K, used 10753K [0x00000000d5c00000, 0x00000000df900000, 0x0000000100000000)
  eden space 132608K, 0% used [0x00000000d5c00000,0x00000000d5c00000,0x00000000ddd80000)
  from space 13312K, 80% used [0x00000000deb00000,0x00000000df5805d0,0x00000000df800000)
  to   space 13824K, 0% used [0x00000000ddd80000,0x00000000ddd80000,0x00000000deb00000)
 ParOldGen       total 87552K, used 16523K [0x0000000081400000, 0x0000000086980000, 0x00000000d5c00000)
  object space 87552K, 18% used [0x0000000081400000,0x0000000082422ea0,0x0000000086980000)
 Metaspace       used 17616K, capacity 18018K, committed 18432K, reserved 1064960K
  class space    used 2069K, capacity 2185K, committed 2304K, reserved 1048576K
}
Event: 4.415 GC heap before
{Heap before GC invocations=7 (full 0):
 PSYoungGen      total 145920K, used 39890K [0x00000000d5c00000, 0x00000000df900000, 0x0000000100000000)
  eden space 132608K, 21% used [0x00000000d5c00000,0x00000000d78743a0,0x00000000ddd80000)
  from space 13312K, 80% used [0x00000000deb00000,0x00000000df5805d0,0x00000000df800000)
  to   space 13824K, 0% used [0x00000000ddd80000,0x00000000ddd80000,0x00000000deb00000)
 ParOldGen       total 87552K, used 16523K [0x0000000081400000, 0x0000000086980000, 0x00000000d5c00000)
  object space 87552K, 18% used [0x0000000081400000,0x0000000082422ea0,0x0000000086980000)
 Metaspace       used 20623K, capacity 21058K, committed 21296K, reserved 1069056K
  class space    used 2474K, capacity 2585K, committed 2688K, reserved 1048576K
Event: 4.602 GC heap after
Heap after GC invocations=7 (full 0):
 PSYoungGen      total 146432K, used 10722K [0x00000000d5c00000, 0x00000000e7b00000, 0x0000000100000000)
  eden space 132608K, 0% used [0x00000000d5c00000,0x00000000d5c00000,0x00000000ddd80000)
  from space 13824K, 77% used [0x00000000ddd80000,0x00000000de7f8b50,0x00000000deb00000)
  to   space 14336K, 0% used [0x00000000e6d00000,0x00000000e6d00000,0x00000000e7b00000)
 ParOldGen       total 87552K, used 17443K [0x0000000081400000, 0x0000000086980000, 0x00000000d5c00000)
  object space 87552K, 19% used [0x0000000081400000,0x0000000082508ef0,0x0000000086980000)
 Metaspace       used 20623K, capacity 21058K, committed 21296K, reserved 1069056K
  class space    used 2474K, capacity 2585K, committed 2688K, reserved 1048576K
}
Event: 4.602 GC heap before
{Heap before GC invocations=8 (full 1):
 PSYoungGen      total 146432K, used 10722K [0x00000000d5c00000, 0x00000000e7b00000, 0x0000000100000000)
  eden space 132608K, 0% used [0x00000000d5c00000,0x00000000d5c00000,0x00000000ddd80000)
  from space 13824K, 77% used [0x00000000ddd80000,0x00000000de7f8b50,0x00000000deb00000)
  to   space 14336K, 0% used [0x00000000e6d00000,0x00000000e6d00000,0x00000000e7b00000)
 ParOldGen       total 87552K, used 17443K [0x0000000081400000, 0x0000000086980000, 0x00000000d5c00000)
  object space 87552K, 19% used [0x0000000081400000,0x0000000082508ef0,0x0000000086980000)
 Metaspace       used 20623K, capacity 21058K, committed 21296K, reserved 1069056K
  class space    used 2474K, capacity 2585K, committed 2688K, reserved 1048576K
Event: 4.866 GC heap after
Heap after GC invocations=8 (full 1):
 PSYoungGen      total 146432K, used 0K [0x00000000d5c00000, 0x00000000e7b00000, 0x0000000100000000)
  eden space 132608K, 0% used [0x00000000d5c00000,0x00000000d5c00000,0x00000000ddd80000)
  from space 13824K, 0% used [0x00000000ddd80000,0x00000000ddd80000,0x00000000deb00000)
  to   space 14336K, 0% used [0x00000000e6d00000,0x00000000e6d00000,0x00000000e7b00000)
 ParOldGen       total 79360K, used 21649K [0x0000000081400000, 0x0000000086180000, 0x00000000d5c00000)
  object space 79360K, 27% used [0x0000000081400000,0x00000000829245b0,0x0000000086180000)
 Metaspace       used 20623K, capacity 21058K, committed 21296K, reserved 1069056K
  class space    used 2474K, capacity 2585K, committed 2688K, reserved 1048576K
}

